{"/home/romero/Documents/development/inventory-system/src/app.ts": {"path":"/home/romero/Documents/development/inventory-system/src/app.ts","statementMap":{"0":{"start":{"line":1,"column":0},"end":{"line":1,"column":53}},"1":{"start":{"line":3,"column":0},"end":{"line":3,"column":37}},"2":{"start":{"line":5,"column":0},"end":{"line":5,"column":151}},"3":{"start":{"line":7,"column":12},"end":{"line":7,"column":21}},"4":{"start":{"line":9,"column":13},"end":{"line":9,"column":37}},"5":{"start":{"line":11,"column":0},"end":{"line":11,"column":27}},"6":{"start":{"line":14,"column":0},"end":{"line":16,"column":3}},"7":{"start":{"line":15,"column":2},"end":{"line":15,"column":34}},"8":{"start":{"line":20,"column":0},"end":{"line":20,"column":41}},"9":{"start":{"line":23,"column":0},"end":{"line":23,"column":61}},"10":{"start":{"line":26,"column":0},"end":{"line":26,"column":65}},"11":{"start":{"line":29,"column":0},"end":{"line":29,"column":70}},"12":{"start":{"line":32,"column":0},"end":{"line":32,"column":49}},"13":{"start":{"line":35,"column":0},"end":{"line":35,"column":50}},"14":{"start":{"line":41,"column":0},"end":{"line":43,"column":3}},"15":{"start":{"line":42,"column":2},"end":{"line":42,"column":60}},"16":{"start":{"line":45,"column":0},"end":{"line":45,"column":19}}},"fnMap":{"0":{"name":"(anonymous_1)","decl":{"start":{"line":14,"column":13},"end":{"line":14,"column":18}},"loc":{"start":{"line":14,"column":51},"end":{"line":16,"column":1}}},"1":{"name":"(anonymous_2)","decl":{"start":{"line":41,"column":17},"end":{"line":41,"column":20}},"loc":{"start":{"line":41,"column":22},"end":{"line":43,"column":1}}}},"branchMap":{"0":{"loc":{"start":{"line":9,"column":13},"end":{"line":9,"column":37}},"type":"binary-expr","locations":[{"start":{"line":9,"column":13},"end":{"line":9,"column":29}},{"start":{"line":9,"column":33},"end":{"line":9,"column":37}}]}},"s":{"0":1,"1":1,"2":1,"3":1,"4":1,"5":1,"6":1,"7":0,"8":1,"9":1,"10":1,"11":1,"12":1,"13":1,"14":1,"15":1,"16":1},"f":{"0":0,"1":1},"b":{"0":[1,1]}}
,"/home/romero/Documents/development/inventory-system/src/controllers/inventory.ts": {"path":"/home/romero/Documents/development/inventory-system/src/controllers/inventory.ts","statementMap":{"0":{"start":{"line":2,"column":0},"end":{"line":2,"column":21}},"1":{"start":{"line":3,"column":0},"end":{"line":3,"column":28}},"2":{"start":{"line":5,"column":17},"end":{"line":5,"column":20}},"3":{"start":{"line":6,"column":0},"end":{"line":6,"column":16}},"4":{"start":{"line":8,"column":13},"end":{"line":14,"column":6}},"5":{"start":{"line":16,"column":28},"end":{"line":36,"column":1}},"6":{"start":{"line":18,"column":2},"end":{"line":35,"column":3}},"7":{"start":{"line":19,"column":2},"end":{"line":19,"column":90}},"8":{"start":{"line":20,"column":2},"end":{"line":20,"column":86}},"9":{"start":{"line":23,"column":2},"end":{"line":23,"column":115}},"10":{"start":{"line":24,"column":2},"end":{"line":24,"column":114}},"11":{"start":{"line":27,"column":2},"end":{"line":27,"column":114}},"12":{"start":{"line":28,"column":2},"end":{"line":28,"column":118}},"13":{"start":{"line":31,"column":17},"end":{"line":31,"column":136}},"14":{"start":{"line":32,"column":2},"end":{"line":32,"column":39}},"15":{"start":{"line":34,"column":4},"end":{"line":34,"column":63}},"16":{"start":{"line":16,"column":13},"end":{"line":16,"column":28}},"17":{"start":{"line":38,"column":28},"end":{"line":49,"column":1}},"18":{"start":{"line":39,"column":19},"end":{"line":39,"column":27}},"19":{"start":{"line":40,"column":2},"end":{"line":48,"column":3}},"20":{"start":{"line":41,"column":19},"end":{"line":43,"column":null}},"21":{"start":{"line":45,"column":4},"end":{"line":45,"column":41}},"22":{"start":{"line":47,"column":4},"end":{"line":47,"column":65}},"23":{"start":{"line":38,"column":13},"end":{"line":38,"column":28}},"24":{"start":{"line":51,"column":27},"end":{"line":64,"column":1}},"25":{"start":{"line":52,"column":21},"end":{"line":52,"column":42}},"26":{"start":{"line":53,"column":24},"end":{"line":53,"column":32}},"27":{"start":{"line":55,"column":2},"end":{"line":63,"column":3}},"28":{"start":{"line":56,"column":19},"end":{"line":58,"column":null}},"29":{"start":{"line":60,"column":4},"end":{"line":60,"column":41}},"30":{"start":{"line":62,"column":4},"end":{"line":62,"column":64}},"31":{"start":{"line":51,"column":13},"end":{"line":51,"column":27}},"32":{"start":{"line":66,"column":29},"end":{"line":79,"column":1}},"33":{"start":{"line":67,"column":21},"end":{"line":67,"column":42}},"34":{"start":{"line":68,"column":25},"end":{"line":68,"column":33}},"35":{"start":{"line":70,"column":2},"end":{"line":78,"column":3}},"36":{"start":{"line":71,"column":19},"end":{"line":73,"column":null}},"37":{"start":{"line":75,"column":4},"end":{"line":75,"column":41}},"38":{"start":{"line":77,"column":4},"end":{"line":77,"column":66}},"39":{"start":{"line":66,"column":13},"end":{"line":66,"column":29}},"40":{"start":{"line":81,"column":36},"end":{"line":120,"column":3}},"41":{"start":{"line":82,"column":26},"end":{"line":82,"column":36}},"42":{"start":{"line":83,"column":37},"end":{"line":83,"column":45}},"43":{"start":{"line":85,"column":4},"end":{"line":119,"column":5}},"44":{"start":{"line":86,"column":28},"end":{"line":88,"column":null}},"45":{"start":{"line":91,"column":6},"end":{"line":93,"column":7}},"46":{"start":{"line":92,"column":8},"end":{"line":92,"column":68}},"47":{"start":{"line":95,"column":22},"end":{"line":95,"column":43}},"48":{"start":{"line":96,"column":25},"end":{"line":96,"column":44}},"49":{"start":{"line":98,"column":30},"end":{"line":100,"column":null}},"50":{"start":{"line":103,"column":6},"end":{"line":105,"column":7}},"51":{"start":{"line":104,"column":8},"end":{"line":104,"column":70}},"52":{"start":{"line":107,"column":26},"end":{"line":107,"column":52}},"53":{"start":{"line":110,"column":27},"end":{"line":112,"column":null}},"54":{"start":{"line":115,"column":6},"end":{"line":115,"column":49}},"55":{"start":{"line":117,"column":6},"end":{"line":117,"column":64}},"56":{"start":{"line":118,"column":6},"end":{"line":118,"column":63}},"57":{"start":{"line":81,"column":13},"end":{"line":81,"column":36}},"58":{"start":{"line":122,"column":29},"end":{"line":151,"column":3}},"59":{"start":{"line":123,"column":22},"end":{"line":123,"column":42}},"60":{"start":{"line":125,"column":4},"end":{"line":150,"column":5}},"61":{"start":{"line":126,"column":28},"end":{"line":128,"column":null}},"62":{"start":{"line":131,"column":6},"end":{"line":133,"column":7}},"63":{"start":{"line":132,"column":8},"end":{"line":132,"column":68}},"64":{"start":{"line":135,"column":22},"end":{"line":135,"column":43}},"65":{"start":{"line":137,"column":31},"end":{"line":141,"column":null}},"66":{"start":{"line":144,"column":6},"end":{"line":147,"column":9}},"67":{"start":{"line":149,"column":6},"end":{"line":149,"column":73}},"68":{"start":{"line":122,"column":15},"end":{"line":122,"column":29}},"69":{"start":{"line":153,"column":35},"end":{"line":173,"column":1}},"70":{"start":{"line":155,"column":19},"end":{"line":155,"column":72}},"71":{"start":{"line":158,"column":4},"end":{"line":172,"column":5}},"72":{"start":{"line":159,"column":28},"end":{"line":165,"column":10}},"73":{"start":{"line":166,"column":23},"end":{"line":166,"column":90}},"74":{"start":{"line":167,"column":8},"end":{"line":167,"column":30}},"75":{"start":{"line":169,"column":8},"end":{"line":169,"column":27}},"76":{"start":{"line":171,"column":8},"end":{"line":171,"column":69}},"77":{"start":{"line":153,"column":15},"end":{"line":153,"column":35}}},"fnMap":{"0":{"name":"(anonymous_1)","decl":{"start":{"line":16,"column":28},"end":{"line":16,"column":33}},"loc":{"start":{"line":16,"column":66},"end":{"line":36,"column":1}}},"1":{"name":"(anonymous_2)","decl":{"start":{"line":38,"column":28},"end":{"line":38,"column":33}},"loc":{"start":{"line":38,"column":66},"end":{"line":49,"column":1}}},"2":{"name":"(anonymous_3)","decl":{"start":{"line":51,"column":27},"end":{"line":51,"column":32}},"loc":{"start":{"line":51,"column":65},"end":{"line":64,"column":1}}},"3":{"name":"(anonymous_4)","decl":{"start":{"line":66,"column":29},"end":{"line":66,"column":34}},"loc":{"start":{"line":66,"column":67},"end":{"line":79,"column":1}}},"4":{"name":"(anonymous_5)","decl":{"start":{"line":81,"column":36},"end":{"line":81,"column":41}},"loc":{"start":{"line":81,"column":88},"end":{"line":120,"column":3}}},"5":{"name":"(anonymous_6)","decl":{"start":{"line":122,"column":29},"end":{"line":122,"column":34}},"loc":{"start":{"line":122,"column":81},"end":{"line":151,"column":3}}},"6":{"name":"(anonymous_7)","decl":{"start":{"line":153,"column":35},"end":{"line":153,"column":40}},"loc":{"start":{"line":153,"column":73},"end":{"line":173,"column":1}}}},"branchMap":{"0":{"loc":{"start":{"line":91,"column":6},"end":{"line":93,"column":7}},"type":"if","locations":[{"start":{"line":91,"column":6},"end":{"line":93,"column":7}}]},"1":{"loc":{"start":{"line":103,"column":6},"end":{"line":105,"column":7}},"type":"if","locations":[{"start":{"line":103,"column":6},"end":{"line":105,"column":7}}]},"2":{"loc":{"start":{"line":131,"column":6},"end":{"line":133,"column":7}},"type":"if","locations":[{"start":{"line":131,"column":6},"end":{"line":133,"column":7}}]}},"s":{"0":1,"1":1,"2":1,"3":1,"4":1,"5":1,"6":0,"7":0,"8":0,"9":0,"10":0,"11":0,"12":0,"13":0,"14":0,"15":0,"16":1,"17":1,"18":1,"19":1,"20":1,"21":1,"22":0,"23":1,"24":1,"25":1,"26":1,"27":1,"28":1,"29":1,"30":0,"31":1,"32":1,"33":1,"34":1,"35":1,"36":1,"37":1,"38":0,"39":1,"40":1,"41":1,"42":1,"43":1,"44":1,"45":1,"46":0,"47":1,"48":1,"49":1,"50":1,"51":0,"52":1,"53":1,"54":1,"55":0,"56":0,"57":1,"58":1,"59":1,"60":1,"61":1,"62":1,"63":0,"64":1,"65":1,"66":1,"67":0,"68":1,"69":1,"70":1,"71":1,"72":1,"73":1,"74":1,"75":0,"76":0,"77":1},"f":{"0":0,"1":1,"2":1,"3":1,"4":1,"5":1,"6":1},"b":{"0":[0],"1":[0],"2":[0]}}
}
