TN:
SF:src/app.ts
FN:14,(anonymous_1)
FN:41,(anonymous_2)
FNF:2
FNH:1
FNDA:0,(anonymous_1)
FNDA:1,(anonymous_2)
DA:1,1
DA:3,1
DA:5,1
DA:7,1
DA:9,1
DA:11,1
DA:14,1
DA:15,0
DA:20,1
DA:23,1
DA:26,1
DA:29,1
DA:32,1
DA:35,1
DA:41,1
DA:42,1
DA:45,1
LF:17
LH:16
BRDA:9,0,0,1
BRDA:9,0,1,1
BRF:2
BRH:2
end_of_record
TN:
SF:src/controllers/inventory.ts
FN:16,(anonymous_1)
FN:38,(anonymous_2)
FN:51,(anonymous_3)
FN:66,(anonymous_4)
FN:81,(anonymous_5)
FN:122,(anonymous_6)
FN:153,(anonymous_7)
FNF:7
FNH:6
FNDA:0,(anonymous_1)
FNDA:1,(anonymous_2)
FNDA:1,(anonymous_3)
FNDA:1,(anonymous_4)
FNDA:1,(anonymous_5)
FNDA:1,(anonymous_6)
FNDA:1,(anonymous_7)
DA:2,1
DA:3,1
DA:5,1
DA:6,1
DA:8,1
DA:16,1
DA:18,0
DA:19,0
DA:20,0
DA:23,0
DA:24,0
DA:27,0
DA:28,0
DA:31,0
DA:32,0
DA:34,0
DA:38,1
DA:39,1
DA:40,1
DA:41,1
DA:45,1
DA:47,0
DA:51,1
DA:52,1
DA:53,1
DA:55,1
DA:56,1
DA:60,1
DA:62,0
DA:66,1
DA:67,1
DA:68,1
DA:70,1
DA:71,1
DA:75,1
DA:77,0
DA:81,1
DA:82,1
DA:83,1
DA:85,1
DA:86,1
DA:91,1
DA:92,0
DA:95,1
DA:96,1
DA:98,1
DA:103,1
DA:104,0
DA:107,1
DA:110,1
DA:115,1
DA:117,0
DA:118,0
DA:122,1
DA:123,1
DA:125,1
DA:126,1
DA:131,1
DA:132,0
DA:135,1
DA:137,1
DA:144,1
DA:149,0
DA:153,1
DA:155,1
DA:158,1
DA:159,1
DA:166,1
DA:167,1
DA:169,0
DA:171,0
LF:71
LH:50
BRDA:91,0,0,0
BRDA:103,1,0,0
BRDA:131,2,0,0
BRF:3
BRH:0
end_of_record
